Performing C++ SOURCE FILE Test CMAKE_HAVE_LIBC_PTHREAD failed with the following output:
Change Dir: /home/michel/prod/damavand/damavand-gpu/build/CMakeFiles/CMakeTmp

Run Build Command(s):/usr/bin/make cmTC_a3d54/fast && /usr/bin/make  -f CMakeFiles/cmTC_a3d54.dir/build.make CMakeFiles/cmTC_a3d54.dir/build
make[1]: Entering directory '/home/michel/prod/damavand/damavand-gpu/build/CMakeFiles/CMakeTmp'
Building CXX object CMakeFiles/cmTC_a3d54.dir/src.cxx.o
/usr/bin/c++ -DCMAKE_HAVE_LIBC_PTHREAD   -o CMakeFiles/cmTC_a3d54.dir/src.cxx.o -c /home/michel/prod/damavand/damavand-gpu/build/CMakeFiles/CMakeTmp/src.cxx
Linking CXX executable cmTC_a3d54
/home/michel/repos/cmake-3.19.0-rc2-Linux-x86_64/bin/cmake -E cmake_link_script CMakeFiles/cmTC_a3d54.dir/link.txt --verbose=1
/usr/bin/c++ -rdynamic CMakeFiles/cmTC_a3d54.dir/src.cxx.o -o cmTC_a3d54 
CMakeFiles/cmTC_a3d54.dir/src.cxx.o: In function `main':
src.cxx:(.text+0x3e): undefined reference to `pthread_create'
src.cxx:(.text+0x4a): undefined reference to `pthread_detach'
src.cxx:(.text+0x56): undefined reference to `pthread_cancel'
src.cxx:(.text+0x67): undefined reference to `pthread_join'
src.cxx:(.text+0x7b): undefined reference to `pthread_atfork'
collect2: error: ld returned 1 exit status
CMakeFiles/cmTC_a3d54.dir/build.make:105: recipe for target 'cmTC_a3d54' failed
make[1]: *** [cmTC_a3d54] Error 1
make[1]: Leaving directory '/home/michel/prod/damavand/damavand-gpu/build/CMakeFiles/CMakeTmp'
Makefile:140: recipe for target 'cmTC_a3d54/fast' failed
make: *** [cmTC_a3d54/fast] Error 2


Source file was:
#include <pthread.h>

static void* test_func(void* data)
{
  return data;
}

int main(void)
{
  pthread_t thread;
  pthread_create(&thread, NULL, test_func, NULL);
  pthread_detach(thread);
  pthread_cancel(thread);
  pthread_join(thread, NULL);
  pthread_atfork(NULL, NULL, NULL);
  pthread_exit(NULL);

  return 0;
}

Determining if the function pthread_create exists in the pthreads failed with the following output:
Change Dir: /home/michel/prod/damavand/damavand-gpu/build/CMakeFiles/CMakeTmp

Run Build Command(s):/usr/bin/make cmTC_f9bf9/fast && /usr/bin/make  -f CMakeFiles/cmTC_f9bf9.dir/build.make CMakeFiles/cmTC_f9bf9.dir/build
make[1]: Entering directory '/home/michel/prod/damavand/damavand-gpu/build/CMakeFiles/CMakeTmp'
Building CXX object CMakeFiles/cmTC_f9bf9.dir/CheckFunctionExists.cxx.o
/usr/bin/c++   -DCHECK_FUNCTION_EXISTS=pthread_create -o CMakeFiles/cmTC_f9bf9.dir/CheckFunctionExists.cxx.o -c /home/michel/prod/damavand/damavand-gpu/build/CMakeFiles/CheckLibraryExists/CheckFunctionExists.cxx
Linking CXX executable cmTC_f9bf9
/home/michel/repos/cmake-3.19.0-rc2-Linux-x86_64/bin/cmake -E cmake_link_script CMakeFiles/cmTC_f9bf9.dir/link.txt --verbose=1
/usr/bin/c++  -DCHECK_FUNCTION_EXISTS=pthread_create -rdynamic CMakeFiles/cmTC_f9bf9.dir/CheckFunctionExists.cxx.o -o cmTC_f9bf9  -lpthreads 
/usr/bin/ld: cannot find -lpthreads
collect2: error: ld returned 1 exit status
CMakeFiles/cmTC_f9bf9.dir/build.make:105: recipe for target 'cmTC_f9bf9' failed
make[1]: *** [cmTC_f9bf9] Error 1
make[1]: Leaving directory '/home/michel/prod/damavand/damavand-gpu/build/CMakeFiles/CMakeTmp'
Makefile:140: recipe for target 'cmTC_f9bf9/fast' failed
make: *** [cmTC_f9bf9/fast] Error 2



