# StreamVersion 1.1
ExposeEvent 0 959 0 0 0 0
RenderEvent 0 959 0 0 0 0
MouseMoveEvent 786 776 0 0 0 0
MouseMoveEvent 786 775 0 0 0 0
MouseMoveEvent 786 774 0 0 0 0
MouseMoveEvent 785 773 0 0 0 0
MouseMoveEvent 784 773 0 0 0 0
MouseMoveEvent 783 773 0 0 0 0
LeftButtonPressEvent 783 773 0 0 0 0
StartInteractionEvent 783 773 0 0 0 0
MouseMoveEvent 783 773 0 0 0 0
RenderEvent 783 773 0 0 0 0
InteractionEvent 783 773 0 0 0 0
MouseMoveEvent 780 773 0 0 0 0
RenderEvent 780 773 0 0 0 0
InteractionEvent 780 773 0 0 0 0
MouseMoveEvent 779 772 0 0 0 0
RenderEvent 779 772 0 0 0 0
InteractionEvent 779 772 0 0 0 0
MouseMoveEvent 778 772 0 0 0 0
RenderEvent 778 772 0 0 0 0
InteractionEvent 778 772 0 0 0 0
MouseMoveEvent 776 771 0 0 0 0
RenderEvent 776 771 0 0 0 0
InteractionEvent 776 771 0 0 0 0
MouseMoveEvent 775 771 0 0 0 0
RenderEvent 775 771 0 0 0 0
InteractionEvent 775 771 0 0 0 0
MouseMoveEvent 772 769 0 0 0 0
RenderEvent 772 769 0 0 0 0
InteractionEvent 772 769 0 0 0 0
MouseMoveEvent 770 768 0 0 0 0
RenderEvent 770 768 0 0 0 0
InteractionEvent 770 768 0 0 0 0
MouseMoveEvent 768 767 0 0 0 0
RenderEvent 768 767 0 0 0 0
InteractionEvent 768 767 0 0 0 0
MouseMoveEvent 766 767 0 0 0 0
RenderEvent 766 767 0 0 0 0
InteractionEvent 766 767 0 0 0 0
MouseMoveEvent 764 766 0 0 0 0
RenderEvent 764 766 0 0 0 0
InteractionEvent 764 766 0 0 0 0
MouseMoveEvent 763 766 0 0 0 0
RenderEvent 763 766 0 0 0 0
InteractionEvent 763 766 0 0 0 0
MouseMoveEvent 763 765 0 0 0 0
RenderEvent 763 765 0 0 0 0
InteractionEvent 763 765 0 0 0 0
MouseMoveEvent 762 765 0 0 0 0
RenderEvent 762 765 0 0 0 0
InteractionEvent 762 765 0 0 0 0
MouseMoveEvent 761 765 0 0 0 0
RenderEvent 761 765 0 0 0 0
InteractionEvent 761 765 0 0 0 0
MouseMoveEvent 759 764 0 0 0 0
RenderEvent 759 764 0 0 0 0
InteractionEvent 759 764 0 0 0 0
MouseMoveEvent 758 763 0 0 0 0
RenderEvent 758 763 0 0 0 0
InteractionEvent 758 763 0 0 0 0
MouseMoveEvent 756 762 0 0 0 0
RenderEvent 756 762 0 0 0 0
InteractionEvent 756 762 0 0 0 0
MouseMoveEvent 751 757 0 0 0 0
RenderEvent 751 757 0 0 0 0
InteractionEvent 751 757 0 0 0 0
MouseMoveEvent 740 745 0 0 0 0
RenderEvent 740 745 0 0 0 0
InteractionEvent 740 745 0 0 0 0
MouseMoveEvent 734 737 0 0 0 0
RenderEvent 734 737 0 0 0 0
InteractionEvent 734 737 0 0 0 0
MouseMoveEvent 727 728 0 0 0 0
RenderEvent 727 728 0 0 0 0
InteractionEvent 727 728 0 0 0 0
MouseMoveEvent 719 720 0 0 0 0
RenderEvent 719 720 0 0 0 0
InteractionEvent 719 720 0 0 0 0
MouseMoveEvent 711 709 0 0 0 0
RenderEvent 711 709 0 0 0 0
InteractionEvent 711 709 0 0 0 0
MouseMoveEvent 703 701 0 0 0 0
RenderEvent 703 701 0 0 0 0
InteractionEvent 703 701 0 0 0 0
MouseMoveEvent 696 693 0 0 0 0
RenderEvent 696 693 0 0 0 0
InteractionEvent 696 693 0 0 0 0
MouseMoveEvent 690 685 0 0 0 0
RenderEvent 690 685 0 0 0 0
InteractionEvent 690 685 0 0 0 0
MouseMoveEvent 684 677 0 0 0 0
RenderEvent 684 677 0 0 0 0
InteractionEvent 684 677 0 0 0 0
MouseMoveEvent 679 670 0 0 0 0
RenderEvent 679 670 0 0 0 0
InteractionEvent 679 670 0 0 0 0
MouseMoveEvent 674 662 0 0 0 0
RenderEvent 674 662 0 0 0 0
InteractionEvent 674 662 0 0 0 0
MouseMoveEvent 669 656 0 0 0 0
RenderEvent 669 656 0 0 0 0
InteractionEvent 669 656 0 0 0 0
MouseMoveEvent 666 650 0 0 0 0
RenderEvent 666 650 0 0 0 0
InteractionEvent 666 650 0 0 0 0
MouseMoveEvent 662 647 0 0 0 0
RenderEvent 662 647 0 0 0 0
InteractionEvent 662 647 0 0 0 0
MouseMoveEvent 661 645 0 0 0 0
RenderEvent 661 645 0 0 0 0
InteractionEvent 661 645 0 0 0 0
MouseMoveEvent 660 644 0 0 0 0
RenderEvent 660 644 0 0 0 0
InteractionEvent 660 644 0 0 0 0
MouseMoveEvent 659 643 0 0 0 0
RenderEvent 659 643 0 0 0 0
InteractionEvent 659 643 0 0 0 0
MouseMoveEvent 657 640 0 0 0 0
RenderEvent 657 640 0 0 0 0
InteractionEvent 657 640 0 0 0 0
MouseMoveEvent 656 640 0 0 0 0
RenderEvent 656 640 0 0 0 0
InteractionEvent 656 640 0 0 0 0
MouseMoveEvent 653 635 0 0 0 0
RenderEvent 653 635 0 0 0 0
InteractionEvent 653 635 0 0 0 0
MouseMoveEvent 650 630 0 0 0 0
RenderEvent 650 630 0 0 0 0
InteractionEvent 650 630 0 0 0 0
MouseMoveEvent 643 623 0 0 0 0
RenderEvent 643 623 0 0 0 0
InteractionEvent 643 623 0 0 0 0
MouseMoveEvent 636 616 0 0 0 0
RenderEvent 636 616 0 0 0 0
InteractionEvent 636 616 0 0 0 0
MouseMoveEvent 625 607 0 0 0 0
RenderEvent 625 607 0 0 0 0
InteractionEvent 625 607 0 0 0 0
MouseMoveEvent 616 597 0 0 0 0
RenderEvent 616 597 0 0 0 0
InteractionEvent 616 597 0 0 0 0
MouseMoveEvent 607 586 0 0 0 0
RenderEvent 607 586 0 0 0 0
InteractionEvent 607 586 0 0 0 0
MouseMoveEvent 598 577 0 0 0 0
RenderEvent 598 577 0 0 0 0
InteractionEvent 598 577 0 0 0 0
MouseMoveEvent 592 570 0 0 0 0
RenderEvent 592 570 0 0 0 0
InteractionEvent 592 570 0 0 0 0
MouseMoveEvent 585 565 0 0 0 0
RenderEvent 585 565 0 0 0 0
InteractionEvent 585 565 0 0 0 0
MouseMoveEvent 576 556 0 0 0 0
RenderEvent 576 556 0 0 0 0
InteractionEvent 576 556 0 0 0 0
MouseMoveEvent 568 551 0 0 0 0
RenderEvent 568 551 0 0 0 0
InteractionEvent 568 551 0 0 0 0
MouseMoveEvent 561 545 0 0 0 0
RenderEvent 561 545 0 0 0 0
InteractionEvent 561 545 0 0 0 0
MouseMoveEvent 552 538 0 0 0 0
RenderEvent 552 538 0 0 0 0
InteractionEvent 552 538 0 0 0 0
MouseMoveEvent 547 535 0 0 0 0
RenderEvent 547 535 0 0 0 0
InteractionEvent 547 535 0 0 0 0
MouseMoveEvent 544 533 0 0 0 0
RenderEvent 544 533 0 0 0 0
InteractionEvent 544 533 0 0 0 0
MouseMoveEvent 542 532 0 0 0 0
RenderEvent 542 532 0 0 0 0
InteractionEvent 542 532 0 0 0 0
MouseMoveEvent 540 531 0 0 0 0
RenderEvent 540 531 0 0 0 0
InteractionEvent 540 531 0 0 0 0
MouseMoveEvent 538 530 0 0 0 0
RenderEvent 538 530 0 0 0 0
InteractionEvent 538 530 0 0 0 0
MouseMoveEvent 532 530 0 0 0 0
RenderEvent 532 530 0 0 0 0
InteractionEvent 532 530 0 0 0 0
MouseMoveEvent 521 532 0 0 0 0
RenderEvent 521 532 0 0 0 0
InteractionEvent 521 532 0 0 0 0
MouseMoveEvent 505 544 0 0 0 0
RenderEvent 505 544 0 0 0 0
InteractionEvent 505 544 0 0 0 0
MouseMoveEvent 482 573 0 0 0 0
RenderEvent 482 573 0 0 0 0
InteractionEvent 482 573 0 0 0 0
MouseMoveEvent 460 626 0 0 0 0
RenderEvent 460 626 0 0 0 0
InteractionEvent 460 626 0 0 0 0
MouseMoveEvent 449 661 0 0 0 0
RenderEvent 449 661 0 0 0 0
InteractionEvent 449 661 0 0 0 0
MouseMoveEvent 444 689 0 0 0 0
RenderEvent 444 689 0 0 0 0
InteractionEvent 444 689 0 0 0 0
MouseMoveEvent 444 706 0 0 0 0
RenderEvent 444 706 0 0 0 0
InteractionEvent 444 706 0 0 0 0
MouseMoveEvent 444 714 0 0 0 0
RenderEvent 444 714 0 0 0 0
InteractionEvent 444 714 0 0 0 0
MouseMoveEvent 448 720 0 0 0 0
RenderEvent 448 720 0 0 0 0
InteractionEvent 448 720 0 0 0 0
MouseMoveEvent 452 723 0 0 0 0
RenderEvent 452 723 0 0 0 0
InteractionEvent 452 723 0 0 0 0
MouseMoveEvent 458 726 0 0 0 0
RenderEvent 458 726 0 0 0 0
InteractionEvent 458 726 0 0 0 0
MouseMoveEvent 468 730 0 0 0 0
RenderEvent 468 730 0 0 0 0
InteractionEvent 468 730 0 0 0 0
MouseMoveEvent 481 733 0 0 0 0
RenderEvent 481 733 0 0 0 0
InteractionEvent 481 733 0 0 0 0
MouseMoveEvent 498 736 0 0 0 0
RenderEvent 498 736 0 0 0 0
InteractionEvent 498 736 0 0 0 0
MouseMoveEvent 528 737 0 0 0 0
RenderEvent 528 737 0 0 0 0
InteractionEvent 528 737 0 0 0 0
MouseMoveEvent 549 737 0 0 0 0
RenderEvent 549 737 0 0 0 0
InteractionEvent 549 737 0 0 0 0
MouseMoveEvent 570 731 0 0 0 0
RenderEvent 570 731 0 0 0 0
InteractionEvent 570 731 0 0 0 0
MouseMoveEvent 583 722 0 0 0 0
RenderEvent 583 722 0 0 0 0
InteractionEvent 583 722 0 0 0 0
MouseMoveEvent 598 708 0 0 0 0
RenderEvent 598 708 0 0 0 0
InteractionEvent 598 708 0 0 0 0
MouseMoveEvent 607 690 0 0 0 0
RenderEvent 607 690 0 0 0 0
InteractionEvent 607 690 0 0 0 0
MouseMoveEvent 614 667 0 0 0 0
RenderEvent 614 667 0 0 0 0
InteractionEvent 614 667 0 0 0 0
MouseMoveEvent 621 637 0 0 0 0
RenderEvent 621 637 0 0 0 0
InteractionEvent 621 637 0 0 0 0
MouseMoveEvent 624 607 0 0 0 0
RenderEvent 624 607 0 0 0 0
InteractionEvent 624 607 0 0 0 0
MouseMoveEvent 624 576 0 0 0 0
RenderEvent 624 576 0 0 0 0
InteractionEvent 624 576 0 0 0 0
MouseMoveEvent 624 549 0 0 0 0
RenderEvent 624 549 0 0 0 0
InteractionEvent 624 549 0 0 0 0
MouseMoveEvent 624 528 0 0 0 0
RenderEvent 624 528 0 0 0 0
InteractionEvent 624 528 0 0 0 0
MouseMoveEvent 624 503 0 0 0 0
RenderEvent 624 503 0 0 0 0
InteractionEvent 624 503 0 0 0 0
MouseMoveEvent 625 495 0 0 0 0
RenderEvent 625 495 0 0 0 0
InteractionEvent 625 495 0 0 0 0
MouseMoveEvent 628 489 0 0 0 0
RenderEvent 628 489 0 0 0 0
InteractionEvent 628 489 0 0 0 0
MouseMoveEvent 631 486 0 0 0 0
RenderEvent 631 486 0 0 0 0
InteractionEvent 631 486 0 0 0 0
MouseMoveEvent 637 484 0 0 0 0
RenderEvent 637 484 0 0 0 0
InteractionEvent 637 484 0 0 0 0
MouseMoveEvent 644 483 0 0 0 0
RenderEvent 644 483 0 0 0 0
InteractionEvent 644 483 0 0 0 0
MouseMoveEvent 650 480 0 0 0 0
RenderEvent 650 480 0 0 0 0
InteractionEvent 650 480 0 0 0 0
MouseMoveEvent 656 479 0 0 0 0
RenderEvent 656 479 0 0 0 0
InteractionEvent 656 479 0 0 0 0
MouseMoveEvent 661 476 0 0 0 0
RenderEvent 661 476 0 0 0 0
InteractionEvent 661 476 0 0 0 0
MouseMoveEvent 665 474 0 0 0 0
RenderEvent 665 474 0 0 0 0
InteractionEvent 665 474 0 0 0 0
MouseMoveEvent 668 473 0 0 0 0
RenderEvent 668 473 0 0 0 0
InteractionEvent 668 473 0 0 0 0
LeftButtonReleaseEvent 668 473 0 0 0 0
EndInteractionEvent 668 473 0 0 0 0
RenderEvent 668 473 0 0 0 0
